2021-11-25 23:50:38,800 - Log4JLogChute initialized using file 'target\velocity.log'
2021-11-25 23:50:38,800 - Initializing Velocity, Calling init()...
2021-11-25 23:50:38,800 - Starting Apache Velocity v1.7 (compiled: 2010-11-19 12:14:37)
2021-11-25 23:50:38,800 - Default Properties File: org\apache\velocity\runtime\defaults\velocity.properties
2021-11-25 23:50:38,800 - Trying to use logger class org.apache.velocity.runtime.log.AvalonLogChute
2021-11-25 23:50:38,800 - Target log system for org.apache.velocity.runtime.log.AvalonLogChute is not available (java.lang.NoClassDefFoundError: org/apache/log/format/Formatter).  Falling back to next log system...
2021-11-25 23:50:38,800 - Trying to use logger class org.apache.velocity.runtime.log.Log4JLogChute
2021-11-25 23:50:38,804 - Using logger class org.apache.velocity.runtime.log.Log4JLogChute
2021-11-25 23:50:38,806 - ResourceLoader instantiated: org.apache.velocity.runtime.resource.loader.ClasspathResourceLoader
2021-11-25 23:50:38,815 - ResourceCache: initialized (class org.apache.velocity.runtime.resource.ResourceCacheImpl) with class java.util.Collections$SynchronizedMap cache map.
2021-11-25 23:50:38,816 - Loaded System Directive: org.apache.velocity.runtime.directive.Stop
2021-11-25 23:50:38,817 - Loaded System Directive: org.apache.velocity.runtime.directive.Define
2021-11-25 23:50:38,817 - Loaded System Directive: org.apache.velocity.runtime.directive.Break
2021-11-25 23:50:38,818 - Loaded System Directive: org.apache.velocity.runtime.directive.Evaluate
2021-11-25 23:50:38,818 - Loaded System Directive: org.apache.velocity.runtime.directive.Literal
2021-11-25 23:50:38,819 - Loaded System Directive: org.apache.velocity.runtime.directive.Macro
2021-11-25 23:50:38,819 - Loaded System Directive: org.apache.velocity.runtime.directive.Parse
2021-11-25 23:50:38,820 - Loaded System Directive: org.apache.velocity.runtime.directive.Include
2021-11-25 23:50:38,821 - Loaded System Directive: org.apache.velocity.runtime.directive.Foreach
2021-11-25 23:50:38,841 - Created '20' parsers.
2021-11-25 23:50:38,844 - Velocimacro : "velocimacro.library" is not set.  Trying default library: VM_global_library.vm
2021-11-25 23:50:38,845 - Could not load resource 'VM_global_library.vm' from ResourceLoader org.apache.velocity.runtime.resource.loader.ClasspathResourceLoader: ClasspathResourceLoader Error: cannot find resource VM_global_library.vm
2021-11-25 23:50:38,845 - Velocimacro : Default library not found.
2021-11-25 23:50:38,845 - Velocimacro : allowInline = true : VMs can be defined inline in templates
2021-11-25 23:50:38,845 - Velocimacro : allowInlineToOverride = false : VMs defined inline may NOT replace previous VM definitions
2021-11-25 23:50:38,845 - Velocimacro : allowInlineLocal = false : VMs defined inline will be global in scope if allowed.
2021-11-25 23:50:38,845 - Velocimacro : autoload off : VM system will not automatically reload global library macros
2021-11-25 23:50:38,919 - ResourceManager : found templates/generators/errorpage.vm with loader org.apache.velocity.runtime.resource.loader.ClasspathResourceLoader
2021-11-25 23:50:38,922 - ResourceManager : found /templates/headers.vm with loader org.apache.velocity.runtime.resource.loader.ClasspathResourceLoader
2021-11-25 23:50:38,923 - ResourceManager : found /templates/head.vm with loader org.apache.velocity.runtime.resource.loader.ClasspathResourceLoader
2021-11-25 23:50:38,925 - Velocimacro : added VM stringArray: source=/templates/macros/array.js.vm
2021-11-25 23:50:38,925 - Velocimacro : added VM numberArray: source=/templates/macros/array.js.vm
2021-11-25 23:50:38,925 - ResourceManager : found /templates/macros/array.js.vm with loader org.apache.velocity.runtime.resource.loader.ClasspathResourceLoader
2021-11-25 23:50:38,926 - Velocimacro : added VM includeBuildInfo: source=/templates/macros/page/buildinfo.vm
2021-11-25 23:50:38,926 - ResourceManager : found /templates/macros/page/buildinfo.vm with loader org.apache.velocity.runtime.resource.loader.ClasspathResourceLoader
2021-11-25 23:50:38,929 - Velocimacro : added VM includeClassifications: source=/templates/macros/page/classifications.vm
2021-11-25 23:50:38,929 - ResourceManager : found /templates/macros/page/classifications.vm with loader org.apache.velocity.runtime.resource.loader.ClasspathResourceLoader
2021-11-25 23:50:38,930 - Velocimacro : added VM includeLead: source=/templates/macros/page/lead.vm
2021-11-25 23:50:38,930 - ResourceManager : found /templates/macros/page/lead.vm with loader org.apache.velocity.runtime.resource.loader.ClasspathResourceLoader
2021-11-25 23:50:38,931 - Velocimacro : added VM includeNavigation: source=/templates/macros/page/navigation.vm
2021-11-25 23:50:38,931 - ResourceManager : found /templates/macros/page/navigation.vm with loader org.apache.velocity.runtime.resource.loader.ClasspathResourceLoader
2021-11-25 23:50:38,934 - Velocimacro : added VM includeReportInfo: source=/templates/macros/page/reportInfo.vm
2021-11-25 23:50:38,934 - ResourceManager : found /templates/macros/page/reportInfo.vm with loader org.apache.velocity.runtime.resource.loader.ClasspathResourceLoader
2021-11-25 23:50:38,935 - Velocimacro : added VM includeTitle: source=/templates/macros/page/title.vm
2021-11-25 23:50:38,935 - ResourceManager : found /templates/macros/page/title.vm with loader org.apache.velocity.runtime.resource.loader.ClasspathResourceLoader
2021-11-25 23:50:38,935 - Velocimacro : added VM includeExpandingButtons: source=/templates/macros/report/expandAllButtons.vm
2021-11-25 23:50:38,935 - ResourceManager : found /templates/macros/report/expandAllButtons.vm with loader org.apache.velocity.runtime.resource.loader.ClasspathResourceLoader
2021-11-25 23:50:38,938 - Velocimacro : added VM includeReportTable: source=/templates/macros/report/reportTable.vm
2021-11-25 23:50:38,938 - ResourceManager : found /templates/macros/report/reportTable.vm with loader org.apache.velocity.runtime.resource.loader.ClasspathResourceLoader
2021-11-25 23:50:38,939 - Velocimacro : added VM includeReportHeader: source=/templates/macros/report/reportHeader.vm
2021-11-25 23:50:38,939 - ResourceManager : found /templates/macros/report/reportHeader.vm with loader org.apache.velocity.runtime.resource.loader.ClasspathResourceLoader
2021-11-25 23:50:38,942 - Velocimacro : added VM includeStatsTable: source=/templates/macros/report/statsTable.vm
2021-11-25 23:50:38,942 - ResourceManager : found /templates/macros/report/statsTable.vm with loader org.apache.velocity.runtime.resource.loader.ClasspathResourceLoader
2021-11-25 23:50:38,943 - Velocimacro : added VM includeBrief: source=/templates/macros/json/brief.vm
2021-11-25 23:50:38,943 - ResourceManager : found /templates/macros/json/brief.vm with loader org.apache.velocity.runtime.resource.loader.ClasspathResourceLoader
2021-11-25 23:50:38,943 - Velocimacro : added VM includeDocString: source=/templates/macros/json/docstring.vm
2021-11-25 23:50:38,943 - ResourceManager : found /templates/macros/json/docstring.vm with loader org.apache.velocity.runtime.resource.loader.ClasspathResourceLoader
2021-11-25 23:50:38,945 - Velocimacro : added VM includeDuration: source=/templates/macros/json/duration.vm
2021-11-25 23:50:38,945 - ResourceManager : found /templates/macros/json/duration.vm with loader org.apache.velocity.runtime.resource.loader.ClasspathResourceLoader
2021-11-25 23:50:38,947 - Velocimacro : added VM includeElement: source=/templates/macros/json/element.vm
2021-11-25 23:50:38,947 - ResourceManager : found /templates/macros/json/element.vm with loader org.apache.velocity.runtime.resource.loader.ClasspathResourceLoader
2021-11-25 23:50:38,953 - Velocimacro : added VM includeEmbeddings: source=/templates/macros/json/embeddings.vm
2021-11-25 23:50:38,953 - Velocimacro : added VM includeHtmlEmbedding: source=/templates/macros/json/embeddings.vm
2021-11-25 23:50:38,954 - Velocimacro : added VM includeVideoEmbedding: source=/templates/macros/json/embeddings.vm
2021-11-25 23:50:38,954 - Velocimacro : added VM includeImageEmbedding: source=/templates/macros/json/embeddings.vm
2021-11-25 23:50:38,954 - Velocimacro : added VM includeImageReferenceEmbedding: source=/templates/macros/json/embeddings.vm
2021-11-25 23:50:38,954 - Velocimacro : added VM includeTextEmbedding: source=/templates/macros/json/embeddings.vm
2021-11-25 23:50:38,954 - Velocimacro : added VM includeUnknownEmbedding: source=/templates/macros/json/embeddings.vm
2021-11-25 23:50:38,954 - ResourceManager : found /templates/macros/json/embeddings.vm with loader org.apache.velocity.runtime.resource.loader.ClasspathResourceLoader
2021-11-25 23:50:38,956 - Velocimacro : added VM includeHooks: source=/templates/macros/json/hooks.vm
2021-11-25 23:50:38,956 - ResourceManager : found /templates/macros/json/hooks.vm with loader org.apache.velocity.runtime.resource.loader.ClasspathResourceLoader
2021-11-25 23:50:38,958 - Velocimacro : added VM includeOutput: source=/templates/macros/json/output.vm
2021-11-25 23:50:38,958 - ResourceManager : found /templates/macros/json/output.vm with loader org.apache.velocity.runtime.resource.loader.ClasspathResourceLoader
2021-11-25 23:50:38,958 - Velocimacro : added VM includeMessage: source=/templates/macros/json/message.vm
2021-11-25 23:50:38,958 - ResourceManager : found /templates/macros/json/message.vm with loader org.apache.velocity.runtime.resource.loader.ClasspathResourceLoader
2021-11-25 23:50:38,960 - Velocimacro : added VM includeSteps: source=/templates/macros/json/steps.vm
2021-11-25 23:50:38,960 - ResourceManager : found /templates/macros/json/steps.vm with loader org.apache.velocity.runtime.resource.loader.ClasspathResourceLoader
2021-11-25 23:50:38,960 - Velocimacro : added VM includeStepName: source=/templates/macros/json/stepName.vm
2021-11-25 23:50:38,960 - ResourceManager : found /templates/macros/json/stepName.vm with loader org.apache.velocity.runtime.resource.loader.ClasspathResourceLoader
2021-11-25 23:50:38,961 - Velocimacro : added VM includeTags: source=/templates/macros/json/tags.vm
2021-11-25 23:50:38,961 - ResourceManager : found /templates/macros/json/tags.vm with loader org.apache.velocity.runtime.resource.loader.ClasspathResourceLoader
2021-11-25 23:50:38,969 - VM #includeNavigation: too few arguments to macro. Wanted 1 got 0
2021-11-25 23:50:38,970 - Left side ($active_tab) of '==' operation has null value. If it is a reference, it may not be in the context or its toString() returned null. /templates/macros/page/navigation.vm[line 14, column 51]
2021-11-25 23:50:38,970 - Left side ($active_tab) of '==' operation has null value. If it is a reference, it may not be in the context or its toString() returned null. /templates/macros/page/navigation.vm[line 15, column 51]
2021-11-25 23:50:38,970 - Left side ($active_tab) of '==' operation has null value. If it is a reference, it may not be in the context or its toString() returned null. /templates/macros/page/navigation.vm[line 16, column 51]
2021-11-25 23:50:38,970 - Left side ($active_tab) of '==' operation has null value. If it is a reference, it may not be in the context or its toString() returned null. /templates/macros/page/navigation.vm[line 20, column 51]
2021-11-25 23:50:38,985 - ResourceManager : found /templates/footer.vm with loader org.apache.velocity.runtime.resource.loader.ClasspathResourceLoader
2021-11-25 23:53:54,284 - Log4JLogChute initialized using file 'target\velocity.log'
2021-11-25 23:53:54,285 - Initializing Velocity, Calling init()...
2021-11-25 23:53:54,285 - Starting Apache Velocity v1.7 (compiled: 2010-11-19 12:14:37)
2021-11-25 23:53:54,285 - Default Properties File: org\apache\velocity\runtime\defaults\velocity.properties
2021-11-25 23:53:54,285 - Trying to use logger class org.apache.velocity.runtime.log.AvalonLogChute
2021-11-25 23:53:54,285 - Target log system for org.apache.velocity.runtime.log.AvalonLogChute is not available (java.lang.NoClassDefFoundError: org/apache/log/format/Formatter).  Falling back to next log system...
2021-11-25 23:53:54,285 - Trying to use logger class org.apache.velocity.runtime.log.Log4JLogChute
2021-11-25 23:53:54,285 - Using logger class org.apache.velocity.runtime.log.Log4JLogChute
2021-11-25 23:53:54,287 - ResourceLoader instantiated: org.apache.velocity.runtime.resource.loader.ClasspathResourceLoader
2021-11-25 23:53:54,295 - ResourceCache: initialized (class org.apache.velocity.runtime.resource.ResourceCacheImpl) with class java.util.Collections$SynchronizedMap cache map.
2021-11-25 23:53:54,296 - Loaded System Directive: org.apache.velocity.runtime.directive.Stop
2021-11-25 23:53:54,297 - Loaded System Directive: org.apache.velocity.runtime.directive.Define
2021-11-25 23:53:54,298 - Loaded System Directive: org.apache.velocity.runtime.directive.Break
2021-11-25 23:53:54,298 - Loaded System Directive: org.apache.velocity.runtime.directive.Evaluate
2021-11-25 23:53:54,299 - Loaded System Directive: org.apache.velocity.runtime.directive.Literal
2021-11-25 23:53:54,300 - Loaded System Directive: org.apache.velocity.runtime.directive.Macro
2021-11-25 23:53:54,301 - Loaded System Directive: org.apache.velocity.runtime.directive.Parse
2021-11-25 23:53:54,301 - Loaded System Directive: org.apache.velocity.runtime.directive.Include
2021-11-25 23:53:54,302 - Loaded System Directive: org.apache.velocity.runtime.directive.Foreach
2021-11-25 23:53:54,320 - Created '20' parsers.
2021-11-25 23:53:54,324 - Velocimacro : "velocimacro.library" is not set.  Trying default library: VM_global_library.vm
2021-11-25 23:53:54,324 - Could not load resource 'VM_global_library.vm' from ResourceLoader org.apache.velocity.runtime.resource.loader.ClasspathResourceLoader: ClasspathResourceLoader Error: cannot find resource VM_global_library.vm
2021-11-25 23:53:54,324 - Velocimacro : Default library not found.
2021-11-25 23:53:54,324 - Velocimacro : allowInline = true : VMs can be defined inline in templates
2021-11-25 23:53:54,324 - Velocimacro : allowInlineToOverride = false : VMs defined inline may NOT replace previous VM definitions
2021-11-25 23:53:54,324 - Velocimacro : allowInlineLocal = false : VMs defined inline will be global in scope if allowed.
2021-11-25 23:53:54,325 - Velocimacro : autoload off : VM system will not automatically reload global library macros
2021-11-25 23:53:54,405 - ResourceManager : found templates/generators/errorpage.vm with loader org.apache.velocity.runtime.resource.loader.ClasspathResourceLoader
2021-11-25 23:53:54,408 - ResourceManager : found /templates/headers.vm with loader org.apache.velocity.runtime.resource.loader.ClasspathResourceLoader
2021-11-25 23:53:54,409 - ResourceManager : found /templates/head.vm with loader org.apache.velocity.runtime.resource.loader.ClasspathResourceLoader
2021-11-25 23:53:54,411 - Velocimacro : added VM stringArray: source=/templates/macros/array.js.vm
2021-11-25 23:53:54,412 - Velocimacro : added VM numberArray: source=/templates/macros/array.js.vm
2021-11-25 23:53:54,412 - ResourceManager : found /templates/macros/array.js.vm with loader org.apache.velocity.runtime.resource.loader.ClasspathResourceLoader
2021-11-25 23:53:54,413 - Velocimacro : added VM includeBuildInfo: source=/templates/macros/page/buildinfo.vm
2021-11-25 23:53:54,413 - ResourceManager : found /templates/macros/page/buildinfo.vm with loader org.apache.velocity.runtime.resource.loader.ClasspathResourceLoader
2021-11-25 23:53:54,417 - Velocimacro : added VM includeClassifications: source=/templates/macros/page/classifications.vm
2021-11-25 23:53:54,417 - ResourceManager : found /templates/macros/page/classifications.vm with loader org.apache.velocity.runtime.resource.loader.ClasspathResourceLoader
2021-11-25 23:53:54,418 - Velocimacro : added VM includeLead: source=/templates/macros/page/lead.vm
2021-11-25 23:53:54,418 - ResourceManager : found /templates/macros/page/lead.vm with loader org.apache.velocity.runtime.resource.loader.ClasspathResourceLoader
2021-11-25 23:53:54,420 - Velocimacro : added VM includeNavigation: source=/templates/macros/page/navigation.vm
2021-11-25 23:53:54,420 - ResourceManager : found /templates/macros/page/navigation.vm with loader org.apache.velocity.runtime.resource.loader.ClasspathResourceLoader
2021-11-25 23:53:54,422 - Velocimacro : added VM includeReportInfo: source=/templates/macros/page/reportInfo.vm
2021-11-25 23:53:54,422 - ResourceManager : found /templates/macros/page/reportInfo.vm with loader org.apache.velocity.runtime.resource.loader.ClasspathResourceLoader
2021-11-25 23:53:54,423 - Velocimacro : added VM includeTitle: source=/templates/macros/page/title.vm
2021-11-25 23:53:54,423 - ResourceManager : found /templates/macros/page/title.vm with loader org.apache.velocity.runtime.resource.loader.ClasspathResourceLoader
2021-11-25 23:53:54,424 - Velocimacro : added VM includeExpandingButtons: source=/templates/macros/report/expandAllButtons.vm
2021-11-25 23:53:54,424 - ResourceManager : found /templates/macros/report/expandAllButtons.vm with loader org.apache.velocity.runtime.resource.loader.ClasspathResourceLoader
2021-11-25 23:53:54,427 - Velocimacro : added VM includeReportTable: source=/templates/macros/report/reportTable.vm
2021-11-25 23:53:54,427 - ResourceManager : found /templates/macros/report/reportTable.vm with loader org.apache.velocity.runtime.resource.loader.ClasspathResourceLoader
2021-11-25 23:53:54,428 - Velocimacro : added VM includeReportHeader: source=/templates/macros/report/reportHeader.vm
2021-11-25 23:53:54,428 - ResourceManager : found /templates/macros/report/reportHeader.vm with loader org.apache.velocity.runtime.resource.loader.ClasspathResourceLoader
2021-11-25 23:53:54,430 - Velocimacro : added VM includeStatsTable: source=/templates/macros/report/statsTable.vm
2021-11-25 23:53:54,430 - ResourceManager : found /templates/macros/report/statsTable.vm with loader org.apache.velocity.runtime.resource.loader.ClasspathResourceLoader
2021-11-25 23:53:54,431 - Velocimacro : added VM includeBrief: source=/templates/macros/json/brief.vm
2021-11-25 23:53:54,431 - ResourceManager : found /templates/macros/json/brief.vm with loader org.apache.velocity.runtime.resource.loader.ClasspathResourceLoader
2021-11-25 23:53:54,432 - Velocimacro : added VM includeDocString: source=/templates/macros/json/docstring.vm
2021-11-25 23:53:54,432 - ResourceManager : found /templates/macros/json/docstring.vm with loader org.apache.velocity.runtime.resource.loader.ClasspathResourceLoader
2021-11-25 23:53:54,433 - Velocimacro : added VM includeDuration: source=/templates/macros/json/duration.vm
2021-11-25 23:53:54,433 - ResourceManager : found /templates/macros/json/duration.vm with loader org.apache.velocity.runtime.resource.loader.ClasspathResourceLoader
2021-11-25 23:53:54,437 - Velocimacro : added VM includeElement: source=/templates/macros/json/element.vm
2021-11-25 23:53:54,437 - ResourceManager : found /templates/macros/json/element.vm with loader org.apache.velocity.runtime.resource.loader.ClasspathResourceLoader
2021-11-25 23:53:54,443 - Velocimacro : added VM includeEmbeddings: source=/templates/macros/json/embeddings.vm
2021-11-25 23:53:54,443 - Velocimacro : added VM includeHtmlEmbedding: source=/templates/macros/json/embeddings.vm
2021-11-25 23:53:54,443 - Velocimacro : added VM includeVideoEmbedding: source=/templates/macros/json/embeddings.vm
2021-11-25 23:53:54,443 - Velocimacro : added VM includeImageEmbedding: source=/templates/macros/json/embeddings.vm
2021-11-25 23:53:54,443 - Velocimacro : added VM includeImageReferenceEmbedding: source=/templates/macros/json/embeddings.vm
2021-11-25 23:53:54,443 - Velocimacro : added VM includeTextEmbedding: source=/templates/macros/json/embeddings.vm
2021-11-25 23:53:54,443 - Velocimacro : added VM includeUnknownEmbedding: source=/templates/macros/json/embeddings.vm
2021-11-25 23:53:54,443 - ResourceManager : found /templates/macros/json/embeddings.vm with loader org.apache.velocity.runtime.resource.loader.ClasspathResourceLoader
2021-11-25 23:53:54,445 - Velocimacro : added VM includeHooks: source=/templates/macros/json/hooks.vm
2021-11-25 23:53:54,445 - ResourceManager : found /templates/macros/json/hooks.vm with loader org.apache.velocity.runtime.resource.loader.ClasspathResourceLoader
2021-11-25 23:53:54,446 - Velocimacro : added VM includeOutput: source=/templates/macros/json/output.vm
2021-11-25 23:53:54,446 - ResourceManager : found /templates/macros/json/output.vm with loader org.apache.velocity.runtime.resource.loader.ClasspathResourceLoader
2021-11-25 23:53:54,447 - Velocimacro : added VM includeMessage: source=/templates/macros/json/message.vm
2021-11-25 23:53:54,447 - ResourceManager : found /templates/macros/json/message.vm with loader org.apache.velocity.runtime.resource.loader.ClasspathResourceLoader
2021-11-25 23:53:54,449 - Velocimacro : added VM includeSteps: source=/templates/macros/json/steps.vm
2021-11-25 23:53:54,449 - ResourceManager : found /templates/macros/json/steps.vm with loader org.apache.velocity.runtime.resource.loader.ClasspathResourceLoader
2021-11-25 23:53:54,449 - Velocimacro : added VM includeStepName: source=/templates/macros/json/stepName.vm
2021-11-25 23:53:54,449 - ResourceManager : found /templates/macros/json/stepName.vm with loader org.apache.velocity.runtime.resource.loader.ClasspathResourceLoader
2021-11-25 23:53:54,449 - Velocimacro : added VM includeTags: source=/templates/macros/json/tags.vm
2021-11-25 23:53:54,449 - ResourceManager : found /templates/macros/json/tags.vm with loader org.apache.velocity.runtime.resource.loader.ClasspathResourceLoader
2021-11-25 23:53:54,457 - VM #includeNavigation: too few arguments to macro. Wanted 1 got 0
2021-11-25 23:53:54,457 - Left side ($active_tab) of '==' operation has null value. If it is a reference, it may not be in the context or its toString() returned null. /templates/macros/page/navigation.vm[line 14, column 51]
2021-11-25 23:53:54,457 - Left side ($active_tab) of '==' operation has null value. If it is a reference, it may not be in the context or its toString() returned null. /templates/macros/page/navigation.vm[line 15, column 51]
2021-11-25 23:53:54,457 - Left side ($active_tab) of '==' operation has null value. If it is a reference, it may not be in the context or its toString() returned null. /templates/macros/page/navigation.vm[line 16, column 51]
2021-11-25 23:53:54,457 - Left side ($active_tab) of '==' operation has null value. If it is a reference, it may not be in the context or its toString() returned null. /templates/macros/page/navigation.vm[line 20, column 51]
2021-11-25 23:53:54,473 - ResourceManager : found /templates/footer.vm with loader org.apache.velocity.runtime.resource.loader.ClasspathResourceLoader
2021-11-26 02:52:23,135 - Log4JLogChute initialized using file 'target\velocity.log'
2021-11-26 02:52:23,139 - Initializing Velocity, Calling init()...
2021-11-26 02:52:23,139 - Starting Apache Velocity v1.7 (compiled: 2010-11-19 12:14:37)
2021-11-26 02:52:23,139 - Default Properties File: org\apache\velocity\runtime\defaults\velocity.properties
2021-11-26 02:52:23,139 - Trying to use logger class org.apache.velocity.runtime.log.AvalonLogChute
2021-11-26 02:52:23,139 - Target log system for org.apache.velocity.runtime.log.AvalonLogChute is not available (java.lang.NoClassDefFoundError: org/apache/log/format/Formatter).  Falling back to next log system...
2021-11-26 02:52:23,139 - Trying to use logger class org.apache.velocity.runtime.log.Log4JLogChute
2021-11-26 02:52:23,139 - Using logger class org.apache.velocity.runtime.log.Log4JLogChute
2021-11-26 02:52:23,141 - ResourceLoader instantiated: org.apache.velocity.runtime.resource.loader.ClasspathResourceLoader
2021-11-26 02:52:23,147 - ResourceCache: initialized (class org.apache.velocity.runtime.resource.ResourceCacheImpl) with class java.util.Collections$SynchronizedMap cache map.
2021-11-26 02:52:23,148 - Loaded System Directive: org.apache.velocity.runtime.directive.Stop
2021-11-26 02:52:23,149 - Loaded System Directive: org.apache.velocity.runtime.directive.Define
2021-11-26 02:52:23,150 - Loaded System Directive: org.apache.velocity.runtime.directive.Break
2021-11-26 02:52:23,150 - Loaded System Directive: org.apache.velocity.runtime.directive.Evaluate
2021-11-26 02:52:23,150 - Loaded System Directive: org.apache.velocity.runtime.directive.Literal
2021-11-26 02:52:23,151 - Loaded System Directive: org.apache.velocity.runtime.directive.Macro
2021-11-26 02:52:23,152 - Loaded System Directive: org.apache.velocity.runtime.directive.Parse
2021-11-26 02:52:23,152 - Loaded System Directive: org.apache.velocity.runtime.directive.Include
2021-11-26 02:52:23,153 - Loaded System Directive: org.apache.velocity.runtime.directive.Foreach
2021-11-26 02:52:23,170 - Created '20' parsers.
2021-11-26 02:52:23,173 - Velocimacro : "velocimacro.library" is not set.  Trying default library: VM_global_library.vm
2021-11-26 02:52:23,174 - Could not load resource 'VM_global_library.vm' from ResourceLoader org.apache.velocity.runtime.resource.loader.ClasspathResourceLoader: ClasspathResourceLoader Error: cannot find resource VM_global_library.vm
2021-11-26 02:52:23,174 - Velocimacro : Default library not found.
2021-11-26 02:52:23,174 - Velocimacro : allowInline = true : VMs can be defined inline in templates
2021-11-26 02:52:23,174 - Velocimacro : allowInlineToOverride = false : VMs defined inline may NOT replace previous VM definitions
2021-11-26 02:52:23,174 - Velocimacro : allowInlineLocal = false : VMs defined inline will be global in scope if allowed.
2021-11-26 02:52:23,174 - Velocimacro : autoload off : VM system will not automatically reload global library macros
2021-11-26 02:52:23,238 - ResourceManager : found templates/generators/errorpage.vm with loader org.apache.velocity.runtime.resource.loader.ClasspathResourceLoader
2021-11-26 02:52:23,242 - ResourceManager : found /templates/headers.vm with loader org.apache.velocity.runtime.resource.loader.ClasspathResourceLoader
2021-11-26 02:52:23,242 - ResourceManager : found /templates/head.vm with loader org.apache.velocity.runtime.resource.loader.ClasspathResourceLoader
2021-11-26 02:52:23,244 - Velocimacro : added VM stringArray: source=/templates/macros/array.js.vm
2021-11-26 02:52:23,244 - Velocimacro : added VM numberArray: source=/templates/macros/array.js.vm
2021-11-26 02:52:23,244 - ResourceManager : found /templates/macros/array.js.vm with loader org.apache.velocity.runtime.resource.loader.ClasspathResourceLoader
2021-11-26 02:52:23,247 - Velocimacro : added VM includeBuildInfo: source=/templates/macros/page/buildinfo.vm
2021-11-26 02:52:23,247 - ResourceManager : found /templates/macros/page/buildinfo.vm with loader org.apache.velocity.runtime.resource.loader.ClasspathResourceLoader
2021-11-26 02:52:23,250 - Velocimacro : added VM includeClassifications: source=/templates/macros/page/classifications.vm
2021-11-26 02:52:23,250 - ResourceManager : found /templates/macros/page/classifications.vm with loader org.apache.velocity.runtime.resource.loader.ClasspathResourceLoader
2021-11-26 02:52:23,251 - Velocimacro : added VM includeLead: source=/templates/macros/page/lead.vm
2021-11-26 02:52:23,251 - ResourceManager : found /templates/macros/page/lead.vm with loader org.apache.velocity.runtime.resource.loader.ClasspathResourceLoader
2021-11-26 02:52:23,253 - Velocimacro : added VM includeNavigation: source=/templates/macros/page/navigation.vm
2021-11-26 02:52:23,253 - ResourceManager : found /templates/macros/page/navigation.vm with loader org.apache.velocity.runtime.resource.loader.ClasspathResourceLoader
2021-11-26 02:52:23,254 - Velocimacro : added VM includeReportInfo: source=/templates/macros/page/reportInfo.vm
2021-11-26 02:52:23,254 - ResourceManager : found /templates/macros/page/reportInfo.vm with loader org.apache.velocity.runtime.resource.loader.ClasspathResourceLoader
2021-11-26 02:52:23,255 - Velocimacro : added VM includeTitle: source=/templates/macros/page/title.vm
2021-11-26 02:52:23,255 - ResourceManager : found /templates/macros/page/title.vm with loader org.apache.velocity.runtime.resource.loader.ClasspathResourceLoader
2021-11-26 02:52:23,255 - Velocimacro : added VM includeExpandingButtons: source=/templates/macros/report/expandAllButtons.vm
2021-11-26 02:52:23,255 - ResourceManager : found /templates/macros/report/expandAllButtons.vm with loader org.apache.velocity.runtime.resource.loader.ClasspathResourceLoader
2021-11-26 02:52:23,260 - Velocimacro : added VM includeReportTable: source=/templates/macros/report/reportTable.vm
2021-11-26 02:52:23,260 - ResourceManager : found /templates/macros/report/reportTable.vm with loader org.apache.velocity.runtime.resource.loader.ClasspathResourceLoader
2021-11-26 02:52:23,261 - Velocimacro : added VM includeReportHeader: source=/templates/macros/report/reportHeader.vm
2021-11-26 02:52:23,261 - ResourceManager : found /templates/macros/report/reportHeader.vm with loader org.apache.velocity.runtime.resource.loader.ClasspathResourceLoader
2021-11-26 02:52:23,264 - Velocimacro : added VM includeStatsTable: source=/templates/macros/report/statsTable.vm
2021-11-26 02:52:23,264 - ResourceManager : found /templates/macros/report/statsTable.vm with loader org.apache.velocity.runtime.resource.loader.ClasspathResourceLoader
2021-11-26 02:52:23,265 - Velocimacro : added VM includeBrief: source=/templates/macros/json/brief.vm
2021-11-26 02:52:23,265 - ResourceManager : found /templates/macros/json/brief.vm with loader org.apache.velocity.runtime.resource.loader.ClasspathResourceLoader
2021-11-26 02:52:23,266 - Velocimacro : added VM includeDocString: source=/templates/macros/json/docstring.vm
2021-11-26 02:52:23,267 - ResourceManager : found /templates/macros/json/docstring.vm with loader org.apache.velocity.runtime.resource.loader.ClasspathResourceLoader
2021-11-26 02:52:23,268 - Velocimacro : added VM includeDuration: source=/templates/macros/json/duration.vm
2021-11-26 02:52:23,268 - ResourceManager : found /templates/macros/json/duration.vm with loader org.apache.velocity.runtime.resource.loader.ClasspathResourceLoader
2021-11-26 02:52:23,270 - Velocimacro : added VM includeElement: source=/templates/macros/json/element.vm
2021-11-26 02:52:23,270 - ResourceManager : found /templates/macros/json/element.vm with loader org.apache.velocity.runtime.resource.loader.ClasspathResourceLoader
2021-11-26 02:52:23,275 - Velocimacro : added VM includeEmbeddings: source=/templates/macros/json/embeddings.vm
2021-11-26 02:52:23,275 - Velocimacro : added VM includeHtmlEmbedding: source=/templates/macros/json/embeddings.vm
2021-11-26 02:52:23,275 - Velocimacro : added VM includeVideoEmbedding: source=/templates/macros/json/embeddings.vm
2021-11-26 02:52:23,276 - Velocimacro : added VM includeImageEmbedding: source=/templates/macros/json/embeddings.vm
2021-11-26 02:52:23,276 - Velocimacro : added VM includeImageReferenceEmbedding: source=/templates/macros/json/embeddings.vm
2021-11-26 02:52:23,276 - Velocimacro : added VM includeTextEmbedding: source=/templates/macros/json/embeddings.vm
2021-11-26 02:52:23,276 - Velocimacro : added VM includeUnknownEmbedding: source=/templates/macros/json/embeddings.vm
2021-11-26 02:52:23,276 - ResourceManager : found /templates/macros/json/embeddings.vm with loader org.apache.velocity.runtime.resource.loader.ClasspathResourceLoader
2021-11-26 02:52:23,277 - Velocimacro : added VM includeHooks: source=/templates/macros/json/hooks.vm
2021-11-26 02:52:23,277 - ResourceManager : found /templates/macros/json/hooks.vm with loader org.apache.velocity.runtime.resource.loader.ClasspathResourceLoader
2021-11-26 02:52:23,279 - Velocimacro : added VM includeOutput: source=/templates/macros/json/output.vm
2021-11-26 02:52:23,279 - ResourceManager : found /templates/macros/json/output.vm with loader org.apache.velocity.runtime.resource.loader.ClasspathResourceLoader
2021-11-26 02:52:23,280 - Velocimacro : added VM includeMessage: source=/templates/macros/json/message.vm
2021-11-26 02:52:23,280 - ResourceManager : found /templates/macros/json/message.vm with loader org.apache.velocity.runtime.resource.loader.ClasspathResourceLoader
2021-11-26 02:52:23,282 - Velocimacro : added VM includeSteps: source=/templates/macros/json/steps.vm
2021-11-26 02:52:23,282 - ResourceManager : found /templates/macros/json/steps.vm with loader org.apache.velocity.runtime.resource.loader.ClasspathResourceLoader
2021-11-26 02:52:23,283 - Velocimacro : added VM includeStepName: source=/templates/macros/json/stepName.vm
2021-11-26 02:52:23,283 - ResourceManager : found /templates/macros/json/stepName.vm with loader org.apache.velocity.runtime.resource.loader.ClasspathResourceLoader
2021-11-26 02:52:23,283 - Velocimacro : added VM includeTags: source=/templates/macros/json/tags.vm
2021-11-26 02:52:23,283 - ResourceManager : found /templates/macros/json/tags.vm with loader org.apache.velocity.runtime.resource.loader.ClasspathResourceLoader
2021-11-26 02:52:23,291 - VM #includeNavigation: too few arguments to macro. Wanted 1 got 0
2021-11-26 02:52:23,291 - Left side ($active_tab) of '==' operation has null value. If it is a reference, it may not be in the context or its toString() returned null. /templates/macros/page/navigation.vm[line 14, column 51]
2021-11-26 02:52:23,291 - Left side ($active_tab) of '==' operation has null value. If it is a reference, it may not be in the context or its toString() returned null. /templates/macros/page/navigation.vm[line 15, column 51]
2021-11-26 02:52:23,291 - Left side ($active_tab) of '==' operation has null value. If it is a reference, it may not be in the context or its toString() returned null. /templates/macros/page/navigation.vm[line 16, column 51]
2021-11-26 02:52:23,291 - Left side ($active_tab) of '==' operation has null value. If it is a reference, it may not be in the context or its toString() returned null. /templates/macros/page/navigation.vm[line 20, column 51]
2021-11-26 02:52:23,309 - ResourceManager : found /templates/footer.vm with loader org.apache.velocity.runtime.resource.loader.ClasspathResourceLoader
2021-11-26 02:52:57,955 - Log4JLogChute initialized using file 'target\velocity.log'
2021-11-26 02:52:57,955 - Initializing Velocity, Calling init()...
2021-11-26 02:52:57,955 - Starting Apache Velocity v1.7 (compiled: 2010-11-19 12:14:37)
2021-11-26 02:52:57,955 - Default Properties File: org\apache\velocity\runtime\defaults\velocity.properties
2021-11-26 02:52:57,955 - Trying to use logger class org.apache.velocity.runtime.log.AvalonLogChute
2021-11-26 02:52:57,955 - Target log system for org.apache.velocity.runtime.log.AvalonLogChute is not available (java.lang.NoClassDefFoundError: org/apache/log/format/Formatter).  Falling back to next log system...
2021-11-26 02:52:57,955 - Trying to use logger class org.apache.velocity.runtime.log.Log4JLogChute
2021-11-26 02:52:57,955 - Using logger class org.apache.velocity.runtime.log.Log4JLogChute
2021-11-26 02:52:57,957 - ResourceLoader instantiated: org.apache.velocity.runtime.resource.loader.ClasspathResourceLoader
2021-11-26 02:52:57,964 - ResourceCache: initialized (class org.apache.velocity.runtime.resource.ResourceCacheImpl) with class java.util.Collections$SynchronizedMap cache map.
2021-11-26 02:52:57,966 - Loaded System Directive: org.apache.velocity.runtime.directive.Stop
2021-11-26 02:52:57,967 - Loaded System Directive: org.apache.velocity.runtime.directive.Define
2021-11-26 02:52:57,967 - Loaded System Directive: org.apache.velocity.runtime.directive.Break
2021-11-26 02:52:57,968 - Loaded System Directive: org.apache.velocity.runtime.directive.Evaluate
2021-11-26 02:52:57,968 - Loaded System Directive: org.apache.velocity.runtime.directive.Literal
2021-11-26 02:52:57,969 - Loaded System Directive: org.apache.velocity.runtime.directive.Macro
2021-11-26 02:52:57,969 - Loaded System Directive: org.apache.velocity.runtime.directive.Parse
2021-11-26 02:52:57,970 - Loaded System Directive: org.apache.velocity.runtime.directive.Include
2021-11-26 02:52:57,971 - Loaded System Directive: org.apache.velocity.runtime.directive.Foreach
2021-11-26 02:52:57,989 - Created '20' parsers.
2021-11-26 02:52:57,993 - Velocimacro : "velocimacro.library" is not set.  Trying default library: VM_global_library.vm
2021-11-26 02:52:57,993 - Could not load resource 'VM_global_library.vm' from ResourceLoader org.apache.velocity.runtime.resource.loader.ClasspathResourceLoader: ClasspathResourceLoader Error: cannot find resource VM_global_library.vm
2021-11-26 02:52:57,993 - Velocimacro : Default library not found.
2021-11-26 02:52:57,993 - Velocimacro : allowInline = true : VMs can be defined inline in templates
2021-11-26 02:52:57,993 - Velocimacro : allowInlineToOverride = false : VMs defined inline may NOT replace previous VM definitions
2021-11-26 02:52:57,993 - Velocimacro : allowInlineLocal = false : VMs defined inline will be global in scope if allowed.
2021-11-26 02:52:57,993 - Velocimacro : autoload off : VM system will not automatically reload global library macros
2021-11-26 02:52:58,056 - ResourceManager : found templates/generators/errorpage.vm with loader org.apache.velocity.runtime.resource.loader.ClasspathResourceLoader
2021-11-26 02:52:58,059 - ResourceManager : found /templates/headers.vm with loader org.apache.velocity.runtime.resource.loader.ClasspathResourceLoader
2021-11-26 02:52:58,060 - ResourceManager : found /templates/head.vm with loader org.apache.velocity.runtime.resource.loader.ClasspathResourceLoader
2021-11-26 02:52:58,062 - Velocimacro : added VM stringArray: source=/templates/macros/array.js.vm
2021-11-26 02:52:58,062 - Velocimacro : added VM numberArray: source=/templates/macros/array.js.vm
2021-11-26 02:52:58,062 - ResourceManager : found /templates/macros/array.js.vm with loader org.apache.velocity.runtime.resource.loader.ClasspathResourceLoader
2021-11-26 02:52:58,064 - Velocimacro : added VM includeBuildInfo: source=/templates/macros/page/buildinfo.vm
2021-11-26 02:52:58,064 - ResourceManager : found /templates/macros/page/buildinfo.vm with loader org.apache.velocity.runtime.resource.loader.ClasspathResourceLoader
2021-11-26 02:52:58,067 - Velocimacro : added VM includeClassifications: source=/templates/macros/page/classifications.vm
2021-11-26 02:52:58,067 - ResourceManager : found /templates/macros/page/classifications.vm with loader org.apache.velocity.runtime.resource.loader.ClasspathResourceLoader
2021-11-26 02:52:58,068 - Velocimacro : added VM includeLead: source=/templates/macros/page/lead.vm
2021-11-26 02:52:58,068 - ResourceManager : found /templates/macros/page/lead.vm with loader org.apache.velocity.runtime.resource.loader.ClasspathResourceLoader
2021-11-26 02:52:58,070 - Velocimacro : added VM includeNavigation: source=/templates/macros/page/navigation.vm
2021-11-26 02:52:58,070 - ResourceManager : found /templates/macros/page/navigation.vm with loader org.apache.velocity.runtime.resource.loader.ClasspathResourceLoader
2021-11-26 02:52:58,072 - Velocimacro : added VM includeReportInfo: source=/templates/macros/page/reportInfo.vm
2021-11-26 02:52:58,072 - ResourceManager : found /templates/macros/page/reportInfo.vm with loader org.apache.velocity.runtime.resource.loader.ClasspathResourceLoader
2021-11-26 02:52:58,072 - Velocimacro : added VM includeTitle: source=/templates/macros/page/title.vm
2021-11-26 02:52:58,072 - ResourceManager : found /templates/macros/page/title.vm with loader org.apache.velocity.runtime.resource.loader.ClasspathResourceLoader
2021-11-26 02:52:58,073 - Velocimacro : added VM includeExpandingButtons: source=/templates/macros/report/expandAllButtons.vm
2021-11-26 02:52:58,073 - ResourceManager : found /templates/macros/report/expandAllButtons.vm with loader org.apache.velocity.runtime.resource.loader.ClasspathResourceLoader
2021-11-26 02:52:58,075 - Velocimacro : added VM includeReportTable: source=/templates/macros/report/reportTable.vm
2021-11-26 02:52:58,075 - ResourceManager : found /templates/macros/report/reportTable.vm with loader org.apache.velocity.runtime.resource.loader.ClasspathResourceLoader
2021-11-26 02:52:58,076 - Velocimacro : added VM includeReportHeader: source=/templates/macros/report/reportHeader.vm
2021-11-26 02:52:58,076 - ResourceManager : found /templates/macros/report/reportHeader.vm with loader org.apache.velocity.runtime.resource.loader.ClasspathResourceLoader
2021-11-26 02:52:58,080 - Velocimacro : added VM includeStatsTable: source=/templates/macros/report/statsTable.vm
2021-11-26 02:52:58,080 - ResourceManager : found /templates/macros/report/statsTable.vm with loader org.apache.velocity.runtime.resource.loader.ClasspathResourceLoader
2021-11-26 02:52:58,080 - Velocimacro : added VM includeBrief: source=/templates/macros/json/brief.vm
2021-11-26 02:52:58,080 - ResourceManager : found /templates/macros/json/brief.vm with loader org.apache.velocity.runtime.resource.loader.ClasspathResourceLoader
2021-11-26 02:52:58,081 - Velocimacro : added VM includeDocString: source=/templates/macros/json/docstring.vm
2021-11-26 02:52:58,081 - ResourceManager : found /templates/macros/json/docstring.vm with loader org.apache.velocity.runtime.resource.loader.ClasspathResourceLoader
2021-11-26 02:52:58,083 - Velocimacro : added VM includeDuration: source=/templates/macros/json/duration.vm
2021-11-26 02:52:58,083 - ResourceManager : found /templates/macros/json/duration.vm with loader org.apache.velocity.runtime.resource.loader.ClasspathResourceLoader
2021-11-26 02:52:58,086 - Velocimacro : added VM includeElement: source=/templates/macros/json/element.vm
2021-11-26 02:52:58,087 - ResourceManager : found /templates/macros/json/element.vm with loader org.apache.velocity.runtime.resource.loader.ClasspathResourceLoader
2021-11-26 02:52:58,091 - Velocimacro : added VM includeEmbeddings: source=/templates/macros/json/embeddings.vm
2021-11-26 02:52:58,092 - Velocimacro : added VM includeHtmlEmbedding: source=/templates/macros/json/embeddings.vm
2021-11-26 02:52:58,092 - Velocimacro : added VM includeVideoEmbedding: source=/templates/macros/json/embeddings.vm
2021-11-26 02:52:58,092 - Velocimacro : added VM includeImageEmbedding: source=/templates/macros/json/embeddings.vm
2021-11-26 02:52:58,092 - Velocimacro : added VM includeImageReferenceEmbedding: source=/templates/macros/json/embeddings.vm
2021-11-26 02:52:58,092 - Velocimacro : added VM includeTextEmbedding: source=/templates/macros/json/embeddings.vm
2021-11-26 02:52:58,092 - Velocimacro : added VM includeUnknownEmbedding: source=/templates/macros/json/embeddings.vm
2021-11-26 02:52:58,092 - ResourceManager : found /templates/macros/json/embeddings.vm with loader org.apache.velocity.runtime.resource.loader.ClasspathResourceLoader
2021-11-26 02:52:58,093 - Velocimacro : added VM includeHooks: source=/templates/macros/json/hooks.vm
2021-11-26 02:52:58,094 - ResourceManager : found /templates/macros/json/hooks.vm with loader org.apache.velocity.runtime.resource.loader.ClasspathResourceLoader
2021-11-26 02:52:58,095 - Velocimacro : added VM includeOutput: source=/templates/macros/json/output.vm
2021-11-26 02:52:58,095 - ResourceManager : found /templates/macros/json/output.vm with loader org.apache.velocity.runtime.resource.loader.ClasspathResourceLoader
2021-11-26 02:52:58,096 - Velocimacro : added VM includeMessage: source=/templates/macros/json/message.vm
2021-11-26 02:52:58,096 - ResourceManager : found /templates/macros/json/message.vm with loader org.apache.velocity.runtime.resource.loader.ClasspathResourceLoader
2021-11-26 02:52:58,097 - Velocimacro : added VM includeSteps: source=/templates/macros/json/steps.vm
2021-11-26 02:52:58,097 - ResourceManager : found /templates/macros/json/steps.vm with loader org.apache.velocity.runtime.resource.loader.ClasspathResourceLoader
2021-11-26 02:52:58,098 - Velocimacro : added VM includeStepName: source=/templates/macros/json/stepName.vm
2021-11-26 02:52:58,098 - ResourceManager : found /templates/macros/json/stepName.vm with loader org.apache.velocity.runtime.resource.loader.ClasspathResourceLoader
2021-11-26 02:52:58,099 - Velocimacro : added VM includeTags: source=/templates/macros/json/tags.vm
2021-11-26 02:52:58,099 - ResourceManager : found /templates/macros/json/tags.vm with loader org.apache.velocity.runtime.resource.loader.ClasspathResourceLoader
2021-11-26 02:52:58,105 - VM #includeNavigation: too few arguments to macro. Wanted 1 got 0
2021-11-26 02:52:58,106 - Left side ($active_tab) of '==' operation has null value. If it is a reference, it may not be in the context or its toString() returned null. /templates/macros/page/navigation.vm[line 14, column 51]
2021-11-26 02:52:58,106 - Left side ($active_tab) of '==' operation has null value. If it is a reference, it may not be in the context or its toString() returned null. /templates/macros/page/navigation.vm[line 15, column 51]
2021-11-26 02:52:58,106 - Left side ($active_tab) of '==' operation has null value. If it is a reference, it may not be in the context or its toString() returned null. /templates/macros/page/navigation.vm[line 16, column 51]
2021-11-26 02:52:58,106 - Left side ($active_tab) of '==' operation has null value. If it is a reference, it may not be in the context or its toString() returned null. /templates/macros/page/navigation.vm[line 20, column 51]
2021-11-26 02:52:58,122 - ResourceManager : found /templates/footer.vm with loader org.apache.velocity.runtime.resource.loader.ClasspathResourceLoader
